<?xml version="1.0" encoding="UTF-8"?>
<!-- Generated by org.testng.reporters.JUnitReportReporter -->
<testsuite hostname="DESKTOP-7CT5CNG" failures="0" tests="1" name="findingelements.FindElementByID" time="0.030" errors="0" timestamp="2025-01-21T14:48:06 EET" skipped="0">
  <testcase classname="findingelements.FindElementByID" name="findElemenyByID" time="0.030"/>
</testsuite> <!-- findingelements.FindElementByID -->
