<?xml version="1.0" encoding="UTF-8"?>
<!-- Generated by org.testng.reporters.JUnitReportReporter -->
<testsuite hostname="DESKTOP-7CT5CNG" failures="0" tests="1" name="findingelements.FindElementsByClassName" time="0.024" errors="0" timestamp="2025-01-28T23:47:36 EET" skipped="0">
  <testcase classname="findingelements.FindElementsByClassName" name="findElementsByClassName" time="0.024"/>
</testsuite> <!-- findingelements.FindElementsByClassName -->
