<?xml version="1.0" encoding="UTF-8"?>
<!-- Generated by org.testng.reporters.JUnitReportReporter -->
<testsuite hostname="DESKTOP-7CT5CNG" failures="0" tests="1" name="findingelements.FindElementByName" time="0.016" errors="0" timestamp="2025-01-28T23:47:36 EET" skipped="0">
  <testcase classname="findingelements.FindElementByName" name="findElemenyByName" time="0.016"/>
</testsuite> <!-- findingelements.FindElementByName -->
