<?xml version="1.0" encoding="UTF-8"?>
<!-- Generated by org.testng.reporters.JUnitReportReporter -->
<testsuite hostname="DESKTOP-7CT5CNG" failures="0" tests="1" name="findingelements.FindElementByID" time="0.031" errors="0" timestamp="2025-01-28T23:47:36 EET" skipped="0">
  <testcase classname="findingelements.FindElementByID" name="findElemenyByID" time="0.031"/>
</testsuite> <!-- findingelements.FindElementByID -->
