<?xml version="1.0" encoding="UTF-8"?>
<!-- Generated by org.testng.reporters.JUnitReportReporter -->
<testsuite hostname="DESKTOP-7CT5CNG" failures="0" tests="1" name="workingwithelements.CheckAllBrokenLinks" time="30.398" errors="0" timestamp="2025-01-28T23:33:31 EET" skipped="0">
  <testcase classname="workingwithelements.CheckAllBrokenLinks" name="testBrokenLinks" time="30.398"/>
</testsuite> <!-- workingwithelements.CheckAllBrokenLinks -->
