<?xml version="1.0" encoding="UTF-8"?>
<!-- Generated by org.testng.reporters.JUnitReportReporter -->
<testsuite hostname="DESKTOP-7CT5CNG" failures="0" tests="4" name="FirstSCriptsPackage.FindElements" time="1.193" errors="0" timestamp="2024-12-02T15:38:59 EET" skipped="0">
  <testcase classname="FirstSCriptsPackage.FindElements" name="findElementsByName" time="0.027"/>
  <testcase classname="FirstSCriptsPackage.FindElements" name="findElementsById" time="0.033"/>
  <testcase classname="FirstSCriptsPackage.FindElements" name="findElementsByClassName" time="0.020"/>
  <testcase classname="FirstSCriptsPackage.FindElements" name="findElementsByTagName" time="1.113"/>
</testsuite> <!-- FirstSCriptsPackage.FindElements -->
