<?xml version="1.0" encoding="UTF-8"?>
<!-- Generated by org.testng.reporters.JUnitReportReporter -->
<testsuite hostname="DESKTOP-7CT5CNG" failures="0" tests="1" name="workingwithelements.CheckAllBrokenImages" time="2.636" errors="0" timestamp="2025-01-28T23:33:31 EET" skipped="0">
  <testcase classname="workingwithelements.CheckAllBrokenImages" name="testBrokenImages" time="2.636"/>
</testsuite> <!-- workingwithelements.CheckAllBrokenImages -->
