<?xml version="1.0" encoding="UTF-8"?>
<!-- Generated by org.testng.reporters.JUnitReportReporter -->
<testsuite hostname="DESKTOP-7CT5CNG" failures="0" tests="2" name="findingelements.FindLinksByLinkText" time="0.039" errors="0" timestamp="2025-01-28T23:47:36 EET" skipped="0">
  <testcase classname="findingelements.FindLinksByLinkText" name="textLinkPartialText" time="0.022"/>
  <testcase classname="findingelements.FindLinksByLinkText" name="textLinkText" time="0.017"/>
</testsuite> <!-- findingelements.FindLinksByLinkText -->
